<?xml version="1.0" encoding="UTF-8"?>
<testng-results ignored="0" total="3" passed="2" failed="1" skipped="0">
  <reporter-output>
  </reporter-output>
  <suite started-at="2024-07-23T16:07:26 IST" name="Suite" finished-at="2024-07-23T16:07:59 IST" duration-ms="32923">
    <groups>
    </groups>
    <test started-at="2024-07-23T16:07:26 IST" name="activitypagetesting" finished-at="2024-07-23T16:07:50 IST" duration-ms="23318">
      <class name="activitypagetesting.TestingOfActivityPage">
        <test-method is-config="true" signature="setUp()[pri:0, instance:activitypagetesting.TestingOfActivityPage@1033576a]" started-at="2024-07-23T16:07:26 IST" name="setUp" finished-at="2024-07-23T16:07:48 IST" duration-ms="21288" status="PASS">
          <reporter-output>
          </reporter-output>
        </test-method> <!-- setUp -->
        <test-method signature="seeAllProjects()[pri:0, instance:activitypagetesting.TestingOfActivityPage@1033576a]" started-at="2024-07-23T16:07:48 IST" name="seeAllProjects" finished-at="2024-07-23T16:07:49 IST" duration-ms="1694" status="PASS">
          <reporter-output>
          </reporter-output>
        </test-method> <!-- seeAllProjects -->
        <test-method is-config="true" signature="tearDown()[pri:0, instance:activitypagetesting.TestingOfActivityPage@1033576a]" started-at="2024-07-23T16:07:49 IST" name="tearDown" finished-at="2024-07-23T16:07:50 IST" duration-ms="310" status="PASS">
          <reporter-output>
          </reporter-output>
        </test-method> <!-- tearDown -->
      </class> <!-- activitypagetesting.TestingOfActivityPage -->
    </test> <!-- activitypagetesting -->
    <test started-at="2024-07-23T16:07:26 IST" name="loginpagetesting" finished-at="2024-07-23T16:07:59 IST" duration-ms="32923">
      <class name="Loginpagetesting.TestingOfLoginPage">
        <test-method is-config="true" signature="setup()[pri:0, instance:Loginpagetesting.TestingOfLoginPage@d86a6f]" started-at="2024-07-23T16:07:26 IST" name="setup" finished-at="2024-07-23T16:07:35 IST" duration-ms="8346" status="PASS">
          <reporter-output>
          </reporter-output>
        </test-method> <!-- setup -->
        <test-method signature="loginWithRightCredentials()[pri:0, instance:Loginpagetesting.TestingOfLoginPage@d86a6f]" started-at="2024-07-23T16:07:35 IST" name="loginWithRightCredentials" finished-at="2024-07-23T16:07:50 IST" duration-ms="15127" status="FAIL">
          <exception class="org.openqa.selenium.TimeoutException">
            <message>
              <![CDATA[Expected condition failed: waiting for visibility of element located by AppiumBy.androidUIAutomator: new UiSelector().text("Email") (tried for 15 second(s) with 500 milliseconds interval)
Build info: version: '4.22.0', revision: 'c5f3146703*'
System info: os.name: 'Mac OS X', os.arch: 'aarch64', os.version: '14.5', java.version: '17.0.11'
Driver info: driver.version: unknown]]>
            </message>
            <full-stacktrace>
              <![CDATA[org.openqa.selenium.TimeoutException: Expected condition failed: waiting for visibility of element located by AppiumBy.androidUIAutomator: new UiSelector().text("Email") (tried for 15 second(s) with 500 milliseconds interval)
Build info: version: '4.22.0', revision: 'c5f3146703*'
System info: os.name: 'Mac OS X', os.arch: 'aarch64', os.version: '14.5', java.version: '17.0.11'
Driver info: driver.version: unknown
at org.openqa.selenium.support.ui.FluentWait.timeoutException(FluentWait.java:265)
at org.openqa.selenium.support.ui.FluentWait.until(FluentWait.java:228)
at Loginpagetesting.TestingOfLoginPage.loginWithRightCredentials(TestingOfLoginPage.java:50)
at java.base/jdk.internal.reflect.NativeMethodAccessorImpl.invoke0(Native Method)
at java.base/jdk.internal.reflect.NativeMethodAccessorImpl.invoke(NativeMethodAccessorImpl.java:77)
at java.base/jdk.internal.reflect.DelegatingMethodAccessorImpl.invoke(DelegatingMethodAccessorImpl.java:43)
at java.base/java.lang.reflect.Method.invoke(Method.java:568)
at org.testng.internal.invokers.MethodInvocationHelper.invokeMethod(MethodInvocationHelper.java:141)
at org.testng.internal.invokers.TestInvoker.invokeMethod(TestInvoker.java:686)
at org.testng.internal.invokers.TestInvoker.invokeTestMethod(TestInvoker.java:230)
at org.testng.internal.invokers.MethodRunner.runInSequence(MethodRunner.java:63)
at org.testng.internal.invokers.TestInvoker$MethodInvocationAgent.invoke(TestInvoker.java:992)
at org.testng.internal.invokers.TestInvoker.invokeTestMethods(TestInvoker.java:203)
at org.testng.internal.invokers.TestMethodWorker.invokeTestMethods(TestMethodWorker.java:154)
at org.testng.internal.invokers.TestMethodWorker.run(TestMethodWorker.java:134)
at java.base/java.util.ArrayList.forEach(ArrayList.java:1511)
at org.testng.TestRunner.privateRun(TestRunner.java:739)
at org.testng.TestRunner.run(TestRunner.java:614)
at org.testng.SuiteRunner.runTest(SuiteRunner.java:421)
at org.testng.SuiteRunner$SuiteWorker.run(SuiteRunner.java:463)
at org.testng.internal.thread.ThreadUtil.lambda$execute$0(ThreadUtil.java:64)
at java.base/java.util.concurrent.FutureTask.run(FutureTask.java:264)
at java.base/java.util.concurrent.ThreadPoolExecutor.runWorker(ThreadPoolExecutor.java:1136)
at java.base/java.util.concurrent.ThreadPoolExecutor$Worker.run(ThreadPoolExecutor.java:635)
at java.base/java.lang.Thread.run(Thread.java:840)
Caused by: java.lang.NullPointerException: Cannot invoke "org.openqa.selenium.WebDriver.findElement(org.openqa.selenium.By)" because "driver" is null
at org.openqa.selenium.support.ui.ExpectedConditions$7.apply(ExpectedConditions.java:194)
at org.openqa.selenium.support.ui.ExpectedConditions$7.apply(ExpectedConditions.java:190)
at org.openqa.selenium.support.ui.FluentWait.until(FluentWait.java:203)
... 23 more
]]>
            </full-stacktrace>
          </exception> <!-- org.openqa.selenium.TimeoutException -->
          <reporter-output>
          </reporter-output>
        </test-method> <!-- loginWithRightCredentials -->
        <test-method is-config="true" signature="setup()[pri:0, instance:Loginpagetesting.TestingOfLoginPage@d86a6f]" started-at="2024-07-23T16:07:50 IST" name="setup" finished-at="2024-07-23T16:07:53 IST" duration-ms="3494" status="PASS">
          <reporter-output>
          </reporter-output>
        </test-method> <!-- setup -->
        <test-method signature="loginWithWrongCredentials()[pri:0, instance:Loginpagetesting.TestingOfLoginPage@d86a6f]" started-at="2024-07-23T16:07:53 IST" name="loginWithWrongCredentials" finished-at="2024-07-23T16:07:59 IST" duration-ms="5932" status="PASS">
          <reporter-output>
          </reporter-output>
        </test-method> <!-- loginWithWrongCredentials -->
      </class> <!-- Loginpagetesting.TestingOfLoginPage -->
    </test> <!-- loginpagetesting -->
  </suite> <!-- Suite -->
</testng-results>
